[2025-04-11T01:29:23.684+0000] {local_task_job_runner.py:123} INFO - ::group::Pre task execution logs
[2025-04-11T01:29:23.701+0000] {taskinstance.py:2603} INFO - Dependencies all met for dep_context=non-requeueable deps ti=<TaskInstance: etl_dag.musicbrainz_extraction scheduled__2025-04-10T00:00:00+00:00 [queued]>
[2025-04-11T01:29:23.709+0000] {taskinstance.py:2603} INFO - Dependencies all met for dep_context=requeueable deps ti=<TaskInstance: etl_dag.musicbrainz_extraction scheduled__2025-04-10T00:00:00+00:00 [queued]>
[2025-04-11T01:29:23.711+0000] {taskinstance.py:2856} INFO - Starting attempt 5 of 6
[2025-04-11T01:29:23.722+0000] {taskinstance.py:2879} INFO - Executing <Task(_PythonDecoratedOperator): musicbrainz_extraction> on 2025-04-10 00:00:00+00:00
[2025-04-11T01:29:23.731+0000] {warnings.py:112} WARNING - /home/***/.local/lib/python3.12/site-packages/***/task/task_runner/standard_task_runner.py:70: DeprecationWarning: This process (pid=130) is multi-threaded, use of fork() may lead to deadlocks in the child.
  pid = os.fork()

[2025-04-11T01:29:23.734+0000] {standard_task_runner.py:72} INFO - Started process 132 to run task
[2025-04-11T01:29:23.733+0000] {standard_task_runner.py:104} INFO - Running: ['***', 'tasks', 'run', 'etl_dag', 'musicbrainz_extraction', 'scheduled__2025-04-10T00:00:00+00:00', '--job-id', '29', '--raw', '--subdir', 'DAGS_FOLDER/dag_for_workshop.py', '--cfg-path', '/tmp/tmp94m_rt5n']
[2025-04-11T01:29:23.736+0000] {standard_task_runner.py:105} INFO - Job 29: Subtask musicbrainz_extraction
[2025-04-11T01:29:23.775+0000] {task_command.py:467} INFO - Running <TaskInstance: etl_dag.musicbrainz_extraction scheduled__2025-04-10T00:00:00+00:00 [running]> on host c97e2588350c
[2025-04-11T01:29:23.830+0000] {taskinstance.py:3122} INFO - Exporting env vars: AIRFLOW_CTX_DAG_EMAIL='example@example.com' AIRFLOW_CTX_DAG_OWNER='***' AIRFLOW_CTX_DAG_ID='etl_dag' AIRFLOW_CTX_TASK_ID='musicbrainz_extraction' AIRFLOW_CTX_EXECUTION_DATE='2025-04-10T00:00:00+00:00' AIRFLOW_CTX_TRY_NUMBER='5' AIRFLOW_CTX_DAG_RUN_ID='scheduled__2025-04-10T00:00:00+00:00'
[2025-04-11T01:29:23.831+0000] {taskinstance.py:731} INFO - ::endgroup::
[2025-04-11T01:29:23.835+0000] {etl.py:35} ERROR - Error extracting MusicBrainz data: [Errno 2] No such file or directory: '  /opt/***/data/artist.csv'
[2025-04-11T01:29:23.836+0000] {python.py:240} INFO - Done. Returned value was: None
[2025-04-11T01:29:23.845+0000] {taskinstance.py:340} INFO - ::group::Post task execution logs
[2025-04-11T01:29:23.845+0000] {taskinstance.py:352} INFO - Marking task as SUCCESS. dag_id=etl_dag, task_id=musicbrainz_extraction, run_id=scheduled__2025-04-10T00:00:00+00:00, execution_date=20250410T000000, start_date=20250411T012923, end_date=20250411T012923
[2025-04-11T01:29:23.871+0000] {local_task_job_runner.py:261} INFO - Task exited with return code 0
[2025-04-11T01:29:23.900+0000] {taskinstance.py:3891} INFO - 1 downstream tasks scheduled from follow-on schedule check
[2025-04-11T01:29:23.903+0000] {local_task_job_runner.py:240} INFO - ::endgroup::
