[2025-04-11T04:13:05.759+0000] {local_task_job_runner.py:123} INFO - ::group::Pre task execution logs
[2025-04-11T04:13:05.778+0000] {taskinstance.py:2603} INFO - Dependencies all met for dep_context=non-requeueable deps ti=<TaskInstance: etl_dag.musicbrainz_extraction scheduled__2025-04-10T00:00:00+00:00 [queued]>
[2025-04-11T04:13:05.788+0000] {taskinstance.py:2603} INFO - Dependencies all met for dep_context=requeueable deps ti=<TaskInstance: etl_dag.musicbrainz_extraction scheduled__2025-04-10T00:00:00+00:00 [queued]>
[2025-04-11T04:13:05.789+0000] {taskinstance.py:2856} INFO - Starting attempt 7 of 8
[2025-04-11T04:13:05.802+0000] {taskinstance.py:2879} INFO - Executing <Task(_PythonDecoratedOperator): musicbrainz_extraction> on 2025-04-10 00:00:00+00:00
[2025-04-11T04:13:05.810+0000] {warnings.py:112} WARNING - /home/***/.local/lib/python3.12/site-packages/***/task/task_runner/standard_task_runner.py:70: DeprecationWarning: This process (pid=115) is multi-threaded, use of fork() may lead to deadlocks in the child.
  pid = os.fork()

[2025-04-11T04:13:05.812+0000] {standard_task_runner.py:72} INFO - Started process 117 to run task
[2025-04-11T04:13:05.812+0000] {standard_task_runner.py:104} INFO - Running: ['***', 'tasks', 'run', 'etl_dag', 'musicbrainz_extraction', 'scheduled__2025-04-10T00:00:00+00:00', '--job-id', '76', '--raw', '--subdir', 'DAGS_FOLDER/dag_for_workshop.py', '--cfg-path', '/tmp/tmp2fv07olg']
[2025-04-11T04:13:05.816+0000] {standard_task_runner.py:105} INFO - Job 76: Subtask musicbrainz_extraction
[2025-04-11T04:13:05.859+0000] {task_command.py:467} INFO - Running <TaskInstance: etl_dag.musicbrainz_extraction scheduled__2025-04-10T00:00:00+00:00 [running]> on host d3a7fa6095e6
[2025-04-11T04:13:05.939+0000] {taskinstance.py:3122} INFO - Exporting env vars: AIRFLOW_CTX_DAG_EMAIL='example@example.com' AIRFLOW_CTX_DAG_OWNER='***' AIRFLOW_CTX_DAG_ID='etl_dag' AIRFLOW_CTX_TASK_ID='musicbrainz_extraction' AIRFLOW_CTX_EXECUTION_DATE='2025-04-10T00:00:00+00:00' AIRFLOW_CTX_TRY_NUMBER='7' AIRFLOW_CTX_DAG_RUN_ID='scheduled__2025-04-10T00:00:00+00:00'
[2025-04-11T04:13:05.941+0000] {taskinstance.py:731} INFO - ::endgroup::
[2025-04-11T04:13:05.955+0000] {api_extract.py:47} INFO - Total artists to process: 19
[2025-04-11T04:13:06.547+0000] {api_extract.py:68} INFO - Data for H.E.R. extracted successfully.
[2025-04-11T04:13:08.138+0000] {api_extract.py:68} INFO - Data for Swae Lee extracted successfully.
[2025-04-11T04:13:09.726+0000] {api_extract.py:68} INFO - Data for Vampire Weekend extracted successfully.
[2025-04-11T04:13:11.322+0000] {api_extract.py:68} INFO - Data for Billie Eilish extracted successfully.
[2025-04-11T04:13:12.931+0000] {api_extract.py:68} INFO - Data for Khalid extracted successfully.
[2025-04-11T04:13:14.533+0000] {api_extract.py:68} INFO - Data for Maggie Rogers extracted successfully.
[2025-04-11T04:13:16.123+0000] {api_extract.py:68} INFO - Data for Lady Gaga extracted successfully.
[2025-04-11T04:13:17.700+0000] {api_extract.py:68} INFO - Data for ROSALÍA extracted successfully.
[2025-04-11T04:13:19.298+0000] {api_extract.py:68} INFO - Data for Post Malone extracted successfully.
[2025-04-11T04:13:21.838+0000] {api_extract.py:68} INFO - Data for Taylor Swift extracted successfully.
[2025-04-11T04:13:23.508+0000] {api_extract.py:68} INFO - Data for Lewis Capaldi extracted successfully.
[2025-04-11T04:13:25.496+0000] {api_extract.py:68} INFO - Data for Tanya Tucker extracted successfully.
[2025-04-11T04:13:28.254+0000] {api_extract.py:68} INFO - Data for Lil Nas X,Billy Ray Cyrus extracted successfully.
[2025-04-11T04:13:29.854+0000] {api_extract.py:68} INFO - Data for Black Pumas extracted successfully.
[2025-04-11T04:13:31.473+0000] {api_extract.py:68} INFO - Data for Lana Del Rey extracted successfully.
[2025-04-11T04:13:33.071+0000] {api_extract.py:68} INFO - Data for Bon Iver extracted successfully.
[2025-04-11T04:13:34.687+0000] {api_extract.py:68} INFO - Data for Lil Nas X extracted successfully.
[2025-04-11T04:13:36.280+0000] {api_extract.py:68} INFO - Data for Lizzo extracted successfully.
[2025-04-11T04:13:37.873+0000] {api_extract.py:68} INFO - Data for Ariana Grande extracted successfully.
[2025-04-11T04:13:38.888+0000] {python.py:240} INFO - Done. Returned value was: [{"artist_name":"H.E.R.","artist_id":"93998e01-ff53-4af7-ba2a-5674adcdf21e","country":"US","begin_date":"1997-06-27","end_date":null,"type":"Person","gender":"female","disambiguation":"US R&B artist"},{"artist_name":"Swae Lee","artist_id":"a17ce9c3-8f6f-4dcc-a1b7-2a04ab9e31f0","country":"US","begin_date":"1993-06-07","end_date":null,"type":"Person","gender":"male","disambiguation":null},{"artist_name":"Vampire Weekend","artist_id":"af37c51c-0790-4a29-b995-456f98a6b8c9","country":"US","begin_date":"2006-02-06","end_date":null,"type":"Group","gender":null,"disambiguation":null},{"artist_name":"Billie Eilish","artist_id":"f4abc0b5-3f7a-4eff-8f78-ac078dbce533","country":"US","begin_date":"2001-12-18","end_date":null,"type":"Person","gender":"female","disambiguation":null},{"artist_name":"Khalid","artist_id":"28737730-ec70-4da5-89c5-77ac13c5c34d","country":"US","begin_date":"1998-02-11","end_date":null,"type":"Person","gender":"male","disambiguation":"American R&B singer\u2010songwriter"},{"artist_name":"Maggie Rogers","artist_id":"c3d14b41-a48d-488f-bfed-ce0597bb0b1f","country":"US","begin_date":"1938-08-21","end_date":"2020-03-20","type":"Person","gender":"male","disambiguation":"US country singer, songwriter, actor, record producer & entrepreneur"},{"artist_name":"Lady Gaga","artist_id":"650e7db6-b795-4eb5-a702-5ea2fc46c848","country":"US","begin_date":"1986-03-28","end_date":null,"type":"Person","gender":"female","disambiguation":null},{"artist_name":"ROSAL\u00cdA","artist_id":"25f3abd9-63b5-471a-bd25-feb9672dfa11","country":"ES","begin_date":"1992-09-25","end_date":null,"type":"Person","gender":"female","disambiguation":"Spanish singer"},{"artist_name":"Post Malone","artist_id":"b1e26560-60e5-4236-bbdb-9aa5a8d5ee19","country":"US","begin_date":"1995-07-04","end_date":null,"type":"Person","gender":"male","disambiguation":null},{"artist_name":"Taylor Swift","artist_id":"20244d07-534f-4eff-b4d4-930878889970","country":"US","begin_date":"1989-12-13","end_date":null,"type":"Person","gender":"female","disambiguation":null},{"artist_name":"Lewis Capaldi","artist_id":"526aab94-697f-44a9-b630-41d1c0505953","country":"GB","begin_date":"1996-10-17","end_date":null,"type":"Person","gender":"male","disambiguation":null},{"artist_name":"Tanya Tucker","artist_id":"45677914-89de-4267-aeae-8c1661b2c859","country":"US","begin_date":"1958-10-10","end_date":null,"type":"Person","gender":"female","disambiguation":null},{"artist_name":"Lil Nas X,Billy Ray Cyrus","artist_id":"63e8d6f9-e247-45c9-aaf2-e079cddbdd54","country":"US","begin_date":"1961-08-25","end_date":null,"type":"Person","gender":"male","disambiguation":null},{"artist_name":"Black Pumas","artist_id":"dd569857-d15e-4dbe-baad-b46a5ffe34a0","country":"US","begin_date":"2017","end_date":null,"type":"Group","gender":null,"disambiguation":null},{"artist_name":"Lana Del Rey","artist_id":"b7539c32-53e7-4908-bda3-81449c367da6","country":"US","begin_date":"1985-06-21","end_date":null,"type":"Person","gender":"female","disambiguation":null},{"artist_name":"Bon Iver","artist_id":"437a0e49-c6ae-42f6-a6c1-84f25ed366bc","country":"US","begin_date":"2006","end_date":null,"type":"Group","gender":null,"disambiguation":"US indie folk band"},{"artist_name":"Lil Nas X","artist_id":"0b30341b-b59d-4979-8130-b66c0e475321","country":"US","begin_date":"1999-04-09","end_date":null,"type":"Person","gender":"male","disambiguation":"American rapper and singer"},{"artist_name":"Lizzo","artist_id":"8fb5370b-9568-4b61-9da5-2aa12c9928db","country":"US","begin_date":"1988-04-27","end_date":null,"type":"Person","gender":"female","disambiguation":"American rapper, singer and actress"},{"artist_name":"Ariana Grande","artist_id":"f4fdbb4c-e4b7-47a0-b83b-d91bbfcfa387","country":"US","begin_date":"1993-06-26","end_date":null,"type":"Person","gender":"female","disambiguation":null}]
[2025-04-11T04:13:38.915+0000] {taskinstance.py:340} INFO - ::group::Post task execution logs
[2025-04-11T04:13:38.916+0000] {taskinstance.py:352} INFO - Marking task as SUCCESS. dag_id=etl_dag, task_id=musicbrainz_extraction, run_id=scheduled__2025-04-10T00:00:00+00:00, execution_date=20250410T000000, start_date=20250411T041305, end_date=20250411T041338
[2025-04-11T04:13:38.943+0000] {local_task_job_runner.py:261} INFO - Task exited with return code 0
[2025-04-11T04:13:38.973+0000] {taskinstance.py:3891} INFO - 1 downstream tasks scheduled from follow-on schedule check
[2025-04-11T04:13:38.975+0000] {local_task_job_runner.py:240} INFO - ::endgroup::
