[2025-04-11T01:29:25.610+0000] {local_task_job_runner.py:123} INFO - ::group::Pre task execution logs
[2025-04-11T01:29:25.625+0000] {taskinstance.py:2603} INFO - Dependencies all met for dep_context=non-requeueable deps ti=<TaskInstance: etl_dag.musicbrainz_transformation scheduled__2025-04-10T00:00:00+00:00 [queued]>
[2025-04-11T01:29:25.633+0000] {taskinstance.py:2603} INFO - Dependencies all met for dep_context=requeueable deps ti=<TaskInstance: etl_dag.musicbrainz_transformation scheduled__2025-04-10T00:00:00+00:00 [queued]>
[2025-04-11T01:29:25.635+0000] {taskinstance.py:2856} INFO - Starting attempt 5 of 6
[2025-04-11T01:29:25.646+0000] {taskinstance.py:2879} INFO - Executing <Task(_PythonDecoratedOperator): musicbrainz_transformation> on 2025-04-10 00:00:00+00:00
[2025-04-11T01:29:25.654+0000] {warnings.py:112} WARNING - /home/***/.local/lib/python3.12/site-packages/***/task/task_runner/standard_task_runner.py:70: DeprecationWarning: This process (pid=134) is multi-threaded, use of fork() may lead to deadlocks in the child.
  pid = os.fork()

[2025-04-11T01:29:25.656+0000] {standard_task_runner.py:72} INFO - Started process 136 to run task
[2025-04-11T01:29:25.656+0000] {standard_task_runner.py:104} INFO - Running: ['***', 'tasks', 'run', 'etl_dag', 'musicbrainz_transformation', 'scheduled__2025-04-10T00:00:00+00:00', '--job-id', '30', '--raw', '--subdir', 'DAGS_FOLDER/dag_for_workshop.py', '--cfg-path', '/tmp/tmp8p8_951k']
[2025-04-11T01:29:25.658+0000] {standard_task_runner.py:105} INFO - Job 30: Subtask musicbrainz_transformation
[2025-04-11T01:29:25.714+0000] {task_command.py:467} INFO - Running <TaskInstance: etl_dag.musicbrainz_transformation scheduled__2025-04-10T00:00:00+00:00 [running]> on host c97e2588350c
[2025-04-11T01:29:25.796+0000] {taskinstance.py:3122} INFO - Exporting env vars: AIRFLOW_CTX_DAG_EMAIL='example@example.com' AIRFLOW_CTX_DAG_OWNER='***' AIRFLOW_CTX_DAG_ID='etl_dag' AIRFLOW_CTX_TASK_ID='musicbrainz_transformation' AIRFLOW_CTX_EXECUTION_DATE='2025-04-10T00:00:00+00:00' AIRFLOW_CTX_TRY_NUMBER='5' AIRFLOW_CTX_DAG_RUN_ID='scheduled__2025-04-10T00:00:00+00:00'
[2025-04-11T01:29:25.797+0000] {taskinstance.py:731} INFO - ::endgroup::
[2025-04-11T01:29:25.800+0000] {etl.py:64} ERROR - Error transforming MusicBrainz data: the JSON object must be str, bytes or bytearray, not NoneType
[2025-04-11T01:29:25.800+0000] {python.py:240} INFO - Done. Returned value was: None
[2025-04-11T01:29:25.808+0000] {taskinstance.py:340} INFO - ::group::Post task execution logs
[2025-04-11T01:29:25.809+0000] {taskinstance.py:352} INFO - Marking task as SUCCESS. dag_id=etl_dag, task_id=musicbrainz_transformation, run_id=scheduled__2025-04-10T00:00:00+00:00, execution_date=20250410T000000, start_date=20250411T012925, end_date=20250411T012925
[2025-04-11T01:29:25.831+0000] {local_task_job_runner.py:261} INFO - Task exited with return code 0
[2025-04-11T01:29:25.852+0000] {taskinstance.py:3891} INFO - 1 downstream tasks scheduled from follow-on schedule check
[2025-04-11T01:29:25.855+0000] {local_task_job_runner.py:240} INFO - ::endgroup::
